[debug] [2019-05-06T22:28:16.956Z] ----------------------------------------------------------------------
[debug] [2019-05-06T22:28:16.962Z] Command:       C:\Program Files\nodejs\node.exe C:\Users\Aby\AppData\Roaming\npm\node_modules\firebase-tools\lib\bin\firebase.js deploy
[debug] [2019-05-06T22:28:16.963Z] CLI Version:   6.7.2
[debug] [2019-05-06T22:28:16.963Z] Platform:      win32
[debug] [2019-05-06T22:28:16.963Z] Node Version:  v11.13.0
[debug] [2019-05-06T22:28:16.966Z] Time:          Mon May 06 2019 17:28:16 GMT-0500 (GMT-05:00)
[debug] [2019-05-06T22:28:16.967Z] ----------------------------------------------------------------------
[debug] 
[debug] [2019-05-06T22:28:17.091Z] > command requires scopes: ["email","openid","https://www.googleapis.com/auth/cloudplatformprojects.readonly","https://www.googleapis.com/auth/firebase","https://www.googleapis.com/auth/cloud-platform"]
[debug] [2019-05-06T22:28:17.093Z] > authorizing via signed-in user
[debug] [2019-05-06T22:28:17.093Z] [iam] checking project burger-queen-e6170 for permissions ["cloudfunctions.functions.create","cloudfunctions.functions.delete","cloudfunctions.functions.get","cloudfunctions.functions.list","cloudfunctions.functions.update","cloudfunctions.operations.get","datastore.indexes.create","datastore.indexes.delete","datastore.indexes.list","datastore.indexes.update","firebase.projects.get","firebasehosting.sites.update"]
[debug] [2019-05-06T22:28:17.099Z] > refreshing access token with scopes: ["email","https://www.googleapis.com/auth/cloud-platform","https://www.googleapis.com/auth/cloudplatformprojects.readonly","https://www.googleapis.com/auth/firebase","openid"]
[debug] [2019-05-06T22:28:17.100Z] >>> HTTP REQUEST POST https://www.googleapis.com/oauth2/v3/token  
 <request body omitted>
[debug] [2019-05-06T22:28:17.512Z] <<< HTTP RESPONSE 200
[debug] [2019-05-06T22:28:17.550Z] >>> HTTP REQUEST POST https://cloudresourcemanager.googleapis.com/v1/projects/burger-queen-e6170:testIamPermissions  

[debug] [2019-05-06T22:28:18.042Z] <<< HTTP RESPONSE 200
[debug] [2019-05-06T22:28:18.046Z] >>> HTTP REQUEST GET https://firebase.googleapis.com/v1beta1/projects/burger-queen-e6170  
 
[debug] [2019-05-06T22:28:18.450Z] <<< HTTP RESPONSE 200
[info] 
[info] === Deploying to 'burger-queen-e6170'...
[info] 
[info] i  deploying firestore, functions, hosting
[debug] [2019-05-06T22:28:18.474Z] TypeError [ERR_INVALID_ARG_TYPE]: The "path" argument must be of type string. Received type undefined
    at validateString (internal/validators.js:125:11)
    at Object.join (path.js:372:7)
    at Config.path (C:\Users\Aby\AppData\Roaming\npm\node_modules\firebase-tools\lib\config.js:142:39)
    at getChildEnvironment (C:\Users\Aby\AppData\Roaming\npm\node_modules\firebase-tools\lib\deploy\lifecycleHooks.js:50:49)
    at runTargetCommands (C:\Users\Aby\AppData\Roaming\npm\node_modules\firebase-tools\lib\deploy\lifecycleHooks.js:71:14)
    at C:\Users\Aby\AppData\Roaming\npm\node_modules\firebase-tools\lib\deploy\lifecycleHooks.js:122:24
    at processTicksAndRejections (internal/process/task_queues.js:86:5)
[error] 
[error] Error: An unexpected error has occurred.
[debug] [2019-05-06T22:29:02.511Z] ----------------------------------------------------------------------
[debug] [2019-05-06T22:29:02.516Z] Command:       C:\Program Files\nodejs\node.exe C:\Users\Aby\AppData\Roaming\npm\node_modules\firebase-tools\lib\bin\firebase.js deploy
[debug] [2019-05-06T22:29:02.517Z] CLI Version:   6.7.2
[debug] [2019-05-06T22:29:02.517Z] Platform:      win32
[debug] [2019-05-06T22:29:02.517Z] Node Version:  v11.13.0
[debug] [2019-05-06T22:29:02.520Z] Time:          Mon May 06 2019 17:29:02 GMT-0500 (GMT-05:00)
[debug] [2019-05-06T22:29:02.520Z] ----------------------------------------------------------------------
[debug] 
[debug] [2019-05-06T22:29:02.546Z] > command requires scopes: ["email","openid","https://www.googleapis.com/auth/cloudplatformprojects.readonly","https://www.googleapis.com/auth/firebase","https://www.googleapis.com/auth/cloud-platform"]
[debug] [2019-05-06T22:29:02.547Z] > authorizing via signed-in user
[debug] [2019-05-06T22:29:02.548Z] [iam] checking project burger-queen-e6170 for permissions ["cloudfunctions.functions.create","cloudfunctions.functions.delete","cloudfunctions.functions.get","cloudfunctions.functions.list","cloudfunctions.functions.update","cloudfunctions.operations.get","datastore.indexes.create","datastore.indexes.delete","datastore.indexes.list","datastore.indexes.update","firebase.projects.get","firebasehosting.sites.update"]
[debug] [2019-05-06T22:29:02.552Z] >>> HTTP REQUEST POST https://cloudresourcemanager.googleapis.com/v1/projects/burger-queen-e6170:testIamPermissions  

[debug] [2019-05-06T22:29:02.988Z] <<< HTTP RESPONSE 200
[debug] [2019-05-06T22:29:02.993Z] >>> HTTP REQUEST GET https://firebase.googleapis.com/v1beta1/projects/burger-queen-e6170  
 
[debug] [2019-05-06T22:29:03.425Z] <<< HTTP RESPONSE 200
[info] 
[info] === Deploying to 'burger-queen-e6170'...
[info] 
[info] i  deploying firestore, functions, hosting
[debug] [2019-05-06T22:29:03.442Z] TypeError [ERR_INVALID_ARG_TYPE]: The "path" argument must be of type string. Received type undefined
    at validateString (internal/validators.js:125:11)
    at Object.join (path.js:372:7)
    at Config.path (C:\Users\Aby\AppData\Roaming\npm\node_modules\firebase-tools\lib\config.js:142:39)
    at getChildEnvironment (C:\Users\Aby\AppData\Roaming\npm\node_modules\firebase-tools\lib\deploy\lifecycleHooks.js:50:49)
    at runTargetCommands (C:\Users\Aby\AppData\Roaming\npm\node_modules\firebase-tools\lib\deploy\lifecycleHooks.js:71:14)
    at C:\Users\Aby\AppData\Roaming\npm\node_modules\firebase-tools\lib\deploy\lifecycleHooks.js:122:24
    at processTicksAndRejections (internal/process/task_queues.js:86:5)
[error] 
[error] Error: An unexpected error has occurred.
[debug] [2019-05-07T00:14:30.322Z] ----------------------------------------------------------------------
[debug] [2019-05-07T00:14:30.328Z] Command:       C:\Program Files\nodejs\node.exe C:\Users\Aby\AppData\Roaming\npm\node_modules\firebase-tools\lib\bin\firebase.js deploy
[debug] [2019-05-07T00:14:30.330Z] CLI Version:   6.8.0
[debug] [2019-05-07T00:14:30.330Z] Platform:      win32
[debug] [2019-05-07T00:14:30.330Z] Node Version:  v11.13.0
[debug] [2019-05-07T00:14:30.333Z] Time:          Mon May 06 2019 19:14:30 GMT-0500 (GMT-05:00)
[debug] [2019-05-07T00:14:30.333Z] ----------------------------------------------------------------------
[debug] 
[debug] [2019-05-07T00:14:30.413Z] > command requires scopes: ["email","openid","https://www.googleapis.com/auth/cloudplatformprojects.readonly","https://www.googleapis.com/auth/firebase","https://www.googleapis.com/auth/cloud-platform"]
[debug] [2019-05-07T00:14:30.415Z] > authorizing via signed-in user
[debug] [2019-05-07T00:14:30.415Z] [iam] checking project burger-queen-e6170 for permissions ["cloudfunctions.functions.create","cloudfunctions.functions.delete","cloudfunctions.functions.get","cloudfunctions.functions.list","cloudfunctions.functions.update","cloudfunctions.operations.get","datastore.indexes.create","datastore.indexes.delete","datastore.indexes.list","datastore.indexes.update","firebase.projects.get","firebasehosting.sites.update"]
[debug] [2019-05-07T00:14:30.419Z] > refreshing access token with scopes: ["email","https://www.googleapis.com/auth/cloud-platform","https://www.googleapis.com/auth/cloudplatformprojects.readonly","https://www.googleapis.com/auth/firebase","openid"]
[debug] [2019-05-07T00:14:30.420Z] >>> HTTP REQUEST POST https://www.googleapis.com/oauth2/v3/token  
 <request body omitted>
[debug] [2019-05-07T00:14:30.759Z] <<< HTTP RESPONSE 200
[debug] [2019-05-07T00:14:30.808Z] >>> HTTP REQUEST POST https://cloudresourcemanager.googleapis.com/v1/projects/burger-queen-e6170:testIamPermissions  

[debug] [2019-05-07T00:14:31.244Z] <<< HTTP RESPONSE 200
[debug] [2019-05-07T00:14:31.247Z] >>> HTTP REQUEST GET https://firebase.googleapis.com/v1beta1/projects/burger-queen-e6170  
 
[debug] [2019-05-07T00:14:31.687Z] <<< HTTP RESPONSE 200
[info] 
[info] === Deploying to 'burger-queen-e6170'...
[info] 
[info] i  deploying firestore, functions, hosting
[debug] [2019-05-07T00:14:31.744Z] TypeError [ERR_INVALID_ARG_TYPE]: The "path" argument must be of type string. Received type undefined
    at validateString (internal/validators.js:125:11)
    at Object.join (path.js:372:7)
    at Config.path (C:\Users\Aby\AppData\Roaming\npm\node_modules\firebase-tools\lib\config.js:142:39)
    at getChildEnvironment (C:\Users\Aby\AppData\Roaming\npm\node_modules\firebase-tools\lib\deploy\lifecycleHooks.js:50:49)
    at runTargetCommands (C:\Users\Aby\AppData\Roaming\npm\node_modules\firebase-tools\lib\deploy\lifecycleHooks.js:71:14)
    at C:\Users\Aby\AppData\Roaming\npm\node_modules\firebase-tools\lib\deploy\lifecycleHooks.js:122:24
    at processTicksAndRejections (internal/process/task_queues.js:86:5)
[error] 
[error] Error: An unexpected error has occurred.
